2025-06-01 12:17:22 DEBUG PackageRelationshipCollection:307 -Parsing relationship: /xl/_rels/workbook.xml.rels
2025-06-01 12:17:22 DEBUG PackageRelationshipCollection:307 -Parsing relationship: /xl/worksheets/_rels/sheet1.xml.rels
2025-06-01 12:17:22 DEBUG PackageRelationshipCollection:307 -Parsing relationship: /_rels/.rels
2025-06-01 12:17:22 DEBUG POIXMLFactory:65 -using default POIXMLDocumentPart for http://schemas.openxmlformats.org/officeDocument/2006/relationships/printerSettings
2025-06-01 12:17:22 DEBUG PackageRelationshipCollection:307 -Parsing relationship: /xl/_rels/workbook.xml.rels
2025-06-01 12:17:22 DEBUG PackageRelationshipCollection:307 -Parsing relationship: /xl/worksheets/_rels/sheet1.xml.rels
2025-06-01 12:17:22 DEBUG PackageRelationshipCollection:307 -Parsing relationship: /_rels/.rels
2025-06-01 12:17:22 DEBUG POIXMLFactory:65 -using default POIXMLDocumentPart for http://schemas.openxmlformats.org/officeDocument/2006/relationships/printerSettings
2025-06-01 12:17:22 DEBUG PackageRelationshipCollection:307 -Parsing relationship: /xl/_rels/workbook.xml.rels
2025-06-01 12:17:22 DEBUG PackageRelationshipCollection:307 -Parsing relationship: /xl/worksheets/_rels/sheet1.xml.rels
2025-06-01 12:17:22 DEBUG PackageRelationshipCollection:307 -Parsing relationship: /_rels/.rels
2025-06-01 12:17:22 DEBUG POIXMLFactory:65 -using default POIXMLDocumentPart for http://schemas.openxmlformats.org/officeDocument/2006/relationships/printerSettings
2025-06-01 12:17:22 DEBUG PackageRelationshipCollection:307 -Parsing relationship: /xl/_rels/workbook.xml.rels
2025-06-01 12:17:22 DEBUG PackageRelationshipCollection:307 -Parsing relationship: /xl/worksheets/_rels/sheet1.xml.rels
2025-06-01 12:17:22 DEBUG PackageRelationshipCollection:307 -Parsing relationship: /_rels/.rels
2025-06-01 12:17:22 DEBUG POIXMLFactory:65 -using default POIXMLDocumentPart for http://schemas.openxmlformats.org/officeDocument/2006/relationships/printerSettings
2025-06-01 12:17:22 DEBUG PackageRelationshipCollection:307 -Parsing relationship: /xl/_rels/workbook.xml.rels
2025-06-01 12:17:22 DEBUG PackageRelationshipCollection:307 -Parsing relationship: /xl/worksheets/_rels/sheet1.xml.rels
2025-06-01 12:17:22 DEBUG PackageRelationshipCollection:307 -Parsing relationship: /_rels/.rels
2025-06-01 12:17:22 DEBUG POIXMLFactory:65 -using default POIXMLDocumentPart for http://schemas.openxmlformats.org/officeDocument/2006/relationships/printerSettings
2025-06-01 12:17:23 DEBUG PackageRelationshipCollection:307 -Parsing relationship: /xl/_rels/workbook.xml.rels
2025-06-01 12:17:23 DEBUG PackageRelationshipCollection:307 -Parsing relationship: /xl/worksheets/_rels/sheet1.xml.rels
2025-06-01 12:17:23 DEBUG PackageRelationshipCollection:307 -Parsing relationship: /_rels/.rels
2025-06-01 12:17:23 DEBUG POIXMLFactory:65 -using default POIXMLDocumentPart for http://schemas.openxmlformats.org/officeDocument/2006/relationships/printerSettings
2025-06-01 12:17:23 DEBUG PackageRelationshipCollection:307 -Parsing relationship: /xl/_rels/workbook.xml.rels
2025-06-01 12:17:23 DEBUG PackageRelationshipCollection:307 -Parsing relationship: /xl/worksheets/_rels/sheet1.xml.rels
2025-06-01 12:17:23 DEBUG PackageRelationshipCollection:307 -Parsing relationship: /_rels/.rels
2025-06-01 12:17:23 DEBUG POIXMLFactory:65 -using default POIXMLDocumentPart for http://schemas.openxmlformats.org/officeDocument/2006/relationships/printerSettings
2025-06-01 12:17:23 DEBUG PackageRelationshipCollection:307 -Parsing relationship: /xl/_rels/workbook.xml.rels
2025-06-01 12:17:23 DEBUG PackageRelationshipCollection:307 -Parsing relationship: /xl/worksheets/_rels/sheet1.xml.rels
2025-06-01 12:17:23 DEBUG PackageRelationshipCollection:307 -Parsing relationship: /_rels/.rels
2025-06-01 12:17:23 DEBUG POIXMLFactory:65 -using default POIXMLDocumentPart for http://schemas.openxmlformats.org/officeDocument/2006/relationships/printerSettings
2025-06-01 12:17:23 DEBUG PackageRelationshipCollection:307 -Parsing relationship: /xl/_rels/workbook.xml.rels
2025-06-01 12:17:23 DEBUG PackageRelationshipCollection:307 -Parsing relationship: /xl/worksheets/_rels/sheet1.xml.rels
2025-06-01 12:17:23 DEBUG PackageRelationshipCollection:307 -Parsing relationship: /_rels/.rels
2025-06-01 12:17:23 DEBUG POIXMLFactory:65 -using default POIXMLDocumentPart for http://schemas.openxmlformats.org/officeDocument/2006/relationships/printerSettings
2025-06-01 12:17:23 DEBUG PackageRelationshipCollection:307 -Parsing relationship: /xl/_rels/workbook.xml.rels
2025-06-01 12:17:23 DEBUG PackageRelationshipCollection:307 -Parsing relationship: /xl/worksheets/_rels/sheet1.xml.rels
2025-06-01 12:17:23 DEBUG PackageRelationshipCollection:307 -Parsing relationship: /_rels/.rels
2025-06-01 12:17:23 DEBUG POIXMLFactory:65 -using default POIXMLDocumentPart for http://schemas.openxmlformats.org/officeDocument/2006/relationships/printerSettings
2025-06-01 12:17:23 DEBUG PackageRelationshipCollection:307 -Parsing relationship: /xl/_rels/workbook.xml.rels
2025-06-01 12:17:23 DEBUG PackageRelationshipCollection:307 -Parsing relationship: /xl/worksheets/_rels/sheet1.xml.rels
2025-06-01 12:17:23 DEBUG PackageRelationshipCollection:307 -Parsing relationship: /_rels/.rels
2025-06-01 12:17:23 DEBUG POIXMLFactory:65 -using default POIXMLDocumentPart for http://schemas.openxmlformats.org/officeDocument/2006/relationships/printerSettings
2025-06-01 12:17:23 DEBUG PackageRelationshipCollection:307 -Parsing relationship: /xl/_rels/workbook.xml.rels
2025-06-01 12:17:23 DEBUG PackageRelationshipCollection:307 -Parsing relationship: /xl/worksheets/_rels/sheet1.xml.rels
2025-06-01 12:17:23 DEBUG PackageRelationshipCollection:307 -Parsing relationship: /_rels/.rels
2025-06-01 12:17:23 DEBUG POIXMLFactory:65 -using default POIXMLDocumentPart for http://schemas.openxmlformats.org/officeDocument/2006/relationships/printerSettings
2025-06-01 12:17:23 DEBUG PackageRelationshipCollection:307 -Parsing relationship: /xl/_rels/workbook.xml.rels
2025-06-01 12:17:23 DEBUG PackageRelationshipCollection:307 -Parsing relationship: /xl/worksheets/_rels/sheet1.xml.rels
2025-06-01 12:17:23 DEBUG PackageRelationshipCollection:307 -Parsing relationship: /_rels/.rels
2025-06-01 12:17:23 DEBUG POIXMLFactory:65 -using default POIXMLDocumentPart for http://schemas.openxmlformats.org/officeDocument/2006/relationships/printerSettings
2025-06-01 12:17:23 DEBUG PackageRelationshipCollection:307 -Parsing relationship: /xl/_rels/workbook.xml.rels
2025-06-01 12:17:23 DEBUG PackageRelationshipCollection:307 -Parsing relationship: /xl/worksheets/_rels/sheet1.xml.rels
2025-06-01 12:17:23 DEBUG PackageRelationshipCollection:307 -Parsing relationship: /_rels/.rels
2025-06-01 12:17:23 DEBUG POIXMLFactory:65 -using default POIXMLDocumentPart for http://schemas.openxmlformats.org/officeDocument/2006/relationships/printerSettings
2025-06-01 12:17:23 DEBUG PackageRelationshipCollection:307 -Parsing relationship: /xl/_rels/workbook.xml.rels
2025-06-01 12:17:23 DEBUG PackageRelationshipCollection:307 -Parsing relationship: /xl/worksheets/_rels/sheet1.xml.rels
2025-06-01 12:17:23 DEBUG PackageRelationshipCollection:307 -Parsing relationship: /_rels/.rels
2025-06-01 12:17:23 DEBUG POIXMLFactory:65 -using default POIXMLDocumentPart for http://schemas.openxmlformats.org/officeDocument/2006/relationships/printerSettings
2025-06-01 12:17:23 DEBUG PackageRelationshipCollection:307 -Parsing relationship: /xl/_rels/workbook.xml.rels
2025-06-01 12:17:23 DEBUG PackageRelationshipCollection:307 -Parsing relationship: /xl/worksheets/_rels/sheet1.xml.rels
2025-06-01 12:17:23 DEBUG PackageRelationshipCollection:307 -Parsing relationship: /_rels/.rels
2025-06-01 12:17:23 DEBUG POIXMLFactory:65 -using default POIXMLDocumentPart for http://schemas.openxmlformats.org/officeDocument/2006/relationships/printerSettings
2025-06-01 12:17:23 DEBUG PackageRelationshipCollection:307 -Parsing relationship: /xl/_rels/workbook.xml.rels
2025-06-01 12:17:23 DEBUG PackageRelationshipCollection:307 -Parsing relationship: /xl/worksheets/_rels/sheet1.xml.rels
2025-06-01 12:17:23 DEBUG PackageRelationshipCollection:307 -Parsing relationship: /_rels/.rels
2025-06-01 12:17:23 DEBUG POIXMLFactory:65 -using default POIXMLDocumentPart for http://schemas.openxmlformats.org/officeDocument/2006/relationships/printerSettings
2025-06-01 12:17:23 DEBUG PackageRelationshipCollection:307 -Parsing relationship: /xl/_rels/workbook.xml.rels
2025-06-01 12:17:23 DEBUG PackageRelationshipCollection:307 -Parsing relationship: /xl/worksheets/_rels/sheet1.xml.rels
2025-06-01 12:17:23 DEBUG PackageRelationshipCollection:307 -Parsing relationship: /_rels/.rels
2025-06-01 12:17:23 DEBUG POIXMLFactory:65 -using default POIXMLDocumentPart for http://schemas.openxmlformats.org/officeDocument/2006/relationships/printerSettings
2025-06-01 12:17:23 DEBUG PackageRelationshipCollection:307 -Parsing relationship: /xl/_rels/workbook.xml.rels
2025-06-01 12:17:23 DEBUG PackageRelationshipCollection:307 -Parsing relationship: /xl/worksheets/_rels/sheet1.xml.rels
2025-06-01 12:17:23 DEBUG PackageRelationshipCollection:307 -Parsing relationship: /_rels/.rels
2025-06-01 12:17:23 DEBUG POIXMLFactory:65 -using default POIXMLDocumentPart for http://schemas.openxmlformats.org/officeDocument/2006/relationships/printerSettings
2025-06-01 12:17:23 DEBUG PackageRelationshipCollection:307 -Parsing relationship: /xl/_rels/workbook.xml.rels
2025-06-01 12:17:23 DEBUG PackageRelationshipCollection:307 -Parsing relationship: /xl/worksheets/_rels/sheet1.xml.rels
2025-06-01 12:17:23 DEBUG PackageRelationshipCollection:307 -Parsing relationship: /_rels/.rels
2025-06-01 12:17:23 DEBUG POIXMLFactory:65 -using default POIXMLDocumentPart for http://schemas.openxmlformats.org/officeDocument/2006/relationships/printerSettings
2025-06-01 12:18:04 INFO  TC001_AccountRegistrationTest:14 -***Staring TC001_AccountRegistrationTest***
2025-06-01 12:18:04 INFO  TC001_AccountRegistrationTest:19 -Clicked on My Account link
2025-06-01 12:18:06 INFO  TC001_AccountRegistrationTest:22 -Clicked on Registration Link
2025-06-01 12:18:06 INFO  TC001_AccountRegistrationTest:25 -Providing Customer Details
2025-06-01 12:18:08 INFO  TC001_AccountRegistrationTest:40 -Validating Expected message with Actual message
2025-06-01 12:18:08 INFO  TC001_AccountRegistrationTest:57 -***Completed TC001_AccountRegistrationTest***
2025-06-01 12:18:12 INFO  TC002_AccountLoginTest:16 -***TC002_AccountLoginTest***
2025-06-01 12:18:17 DEBUG PackageRelationshipCollection:307 -Parsing relationship: /xl/_rels/workbook.xml.rels
2025-06-01 12:18:17 DEBUG PackageRelationshipCollection:307 -Parsing relationship: /xl/worksheets/_rels/sheet1.xml.rels
2025-06-01 12:18:17 DEBUG PackageRelationshipCollection:307 -Parsing relationship: /_rels/.rels
2025-06-01 12:18:17 DEBUG POIXMLFactory:65 -using default POIXMLDocumentPart for http://schemas.openxmlformats.org/officeDocument/2006/relationships/printerSettings
2025-06-01 12:18:17 DEBUG PackageRelationshipCollection:307 -Parsing relationship: /xl/_rels/workbook.xml.rels
2025-06-01 12:18:17 DEBUG PackageRelationshipCollection:307 -Parsing relationship: /xl/worksheets/_rels/sheet1.xml.rels
2025-06-01 12:18:17 DEBUG PackageRelationshipCollection:307 -Parsing relationship: /_rels/.rels
2025-06-01 12:18:17 DEBUG POIXMLFactory:65 -using default POIXMLDocumentPart for http://schemas.openxmlformats.org/officeDocument/2006/relationships/printerSettings
2025-06-01 12:18:17 DEBUG PackageRelationshipCollection:307 -Parsing relationship: /xl/_rels/workbook.xml.rels
2025-06-01 12:18:17 DEBUG PackageRelationshipCollection:307 -Parsing relationship: /xl/worksheets/_rels/sheet1.xml.rels
2025-06-01 12:18:17 DEBUG PackageRelationshipCollection:307 -Parsing relationship: /_rels/.rels
2025-06-01 12:18:17 DEBUG POIXMLFactory:65 -using default POIXMLDocumentPart for http://schemas.openxmlformats.org/officeDocument/2006/relationships/printerSettings
2025-06-01 12:18:17 DEBUG PackageRelationshipCollection:307 -Parsing relationship: /xl/_rels/workbook.xml.rels
2025-06-01 12:18:17 DEBUG PackageRelationshipCollection:307 -Parsing relationship: /xl/worksheets/_rels/sheet1.xml.rels
2025-06-01 12:18:17 DEBUG PackageRelationshipCollection:307 -Parsing relationship: /_rels/.rels
2025-06-01 12:18:17 DEBUG POIXMLFactory:65 -using default POIXMLDocumentPart for http://schemas.openxmlformats.org/officeDocument/2006/relationships/printerSettings
2025-06-01 12:18:17 DEBUG PackageRelationshipCollection:307 -Parsing relationship: /xl/_rels/workbook.xml.rels
2025-06-01 12:18:17 DEBUG PackageRelationshipCollection:307 -Parsing relationship: /xl/worksheets/_rels/sheet1.xml.rels
2025-06-01 12:18:17 DEBUG PackageRelationshipCollection:307 -Parsing relationship: /_rels/.rels
2025-06-01 12:18:18 DEBUG POIXMLFactory:65 -using default POIXMLDocumentPart for http://schemas.openxmlformats.org/officeDocument/2006/relationships/printerSettings
2025-06-01 12:18:18 DEBUG PackageRelationshipCollection:307 -Parsing relationship: /xl/_rels/workbook.xml.rels
2025-06-01 12:18:18 DEBUG PackageRelationshipCollection:307 -Parsing relationship: /xl/worksheets/_rels/sheet1.xml.rels
2025-06-01 12:18:18 DEBUG PackageRelationshipCollection:307 -Parsing relationship: /_rels/.rels
2025-06-01 12:18:18 DEBUG POIXMLFactory:65 -using default POIXMLDocumentPart for http://schemas.openxmlformats.org/officeDocument/2006/relationships/printerSettings
2025-06-01 12:18:18 DEBUG PackageRelationshipCollection:307 -Parsing relationship: /xl/_rels/workbook.xml.rels
2025-06-01 12:18:18 DEBUG PackageRelationshipCollection:307 -Parsing relationship: /xl/worksheets/_rels/sheet1.xml.rels
2025-06-01 12:18:18 DEBUG PackageRelationshipCollection:307 -Parsing relationship: /_rels/.rels
2025-06-01 12:18:18 DEBUG POIXMLFactory:65 -using default POIXMLDocumentPart for http://schemas.openxmlformats.org/officeDocument/2006/relationships/printerSettings
2025-06-01 12:18:18 DEBUG PackageRelationshipCollection:307 -Parsing relationship: /xl/_rels/workbook.xml.rels
2025-06-01 12:18:18 DEBUG PackageRelationshipCollection:307 -Parsing relationship: /xl/worksheets/_rels/sheet1.xml.rels
2025-06-01 12:18:18 DEBUG PackageRelationshipCollection:307 -Parsing relationship: /_rels/.rels
2025-06-01 12:18:18 DEBUG POIXMLFactory:65 -using default POIXMLDocumentPart for http://schemas.openxmlformats.org/officeDocument/2006/relationships/printerSettings
2025-06-01 12:18:18 DEBUG PackageRelationshipCollection:307 -Parsing relationship: /xl/_rels/workbook.xml.rels
2025-06-01 12:18:18 DEBUG PackageRelationshipCollection:307 -Parsing relationship: /xl/worksheets/_rels/sheet1.xml.rels
2025-06-01 12:18:18 DEBUG PackageRelationshipCollection:307 -Parsing relationship: /_rels/.rels
2025-06-01 12:18:18 DEBUG POIXMLFactory:65 -using default POIXMLDocumentPart for http://schemas.openxmlformats.org/officeDocument/2006/relationships/printerSettings
2025-06-01 12:18:18 DEBUG PackageRelationshipCollection:307 -Parsing relationship: /xl/_rels/workbook.xml.rels
2025-06-01 12:18:18 DEBUG PackageRelationshipCollection:307 -Parsing relationship: /xl/worksheets/_rels/sheet1.xml.rels
2025-06-01 12:18:18 DEBUG PackageRelationshipCollection:307 -Parsing relationship: /_rels/.rels
2025-06-01 12:18:18 DEBUG POIXMLFactory:65 -using default POIXMLDocumentPart for http://schemas.openxmlformats.org/officeDocument/2006/relationships/printerSettings
2025-06-01 12:18:18 DEBUG PackageRelationshipCollection:307 -Parsing relationship: /xl/_rels/workbook.xml.rels
2025-06-01 12:18:18 DEBUG PackageRelationshipCollection:307 -Parsing relationship: /xl/worksheets/_rels/sheet1.xml.rels
2025-06-01 12:18:18 DEBUG PackageRelationshipCollection:307 -Parsing relationship: /_rels/.rels
2025-06-01 12:18:18 DEBUG POIXMLFactory:65 -using default POIXMLDocumentPart for http://schemas.openxmlformats.org/officeDocument/2006/relationships/printerSettings
2025-06-01 12:18:18 DEBUG PackageRelationshipCollection:307 -Parsing relationship: /xl/_rels/workbook.xml.rels
2025-06-01 12:18:18 DEBUG PackageRelationshipCollection:307 -Parsing relationship: /xl/worksheets/_rels/sheet1.xml.rels
2025-06-01 12:18:18 DEBUG PackageRelationshipCollection:307 -Parsing relationship: /_rels/.rels
2025-06-01 12:18:18 DEBUG POIXMLFactory:65 -using default POIXMLDocumentPart for http://schemas.openxmlformats.org/officeDocument/2006/relationships/printerSettings
2025-06-01 12:18:18 DEBUG PackageRelationshipCollection:307 -Parsing relationship: /xl/_rels/workbook.xml.rels
2025-06-01 12:18:18 DEBUG PackageRelationshipCollection:307 -Parsing relationship: /xl/worksheets/_rels/sheet1.xml.rels
2025-06-01 12:18:18 DEBUG PackageRelationshipCollection:307 -Parsing relationship: /_rels/.rels
2025-06-01 12:18:18 DEBUG POIXMLFactory:65 -using default POIXMLDocumentPart for http://schemas.openxmlformats.org/officeDocument/2006/relationships/printerSettings
2025-06-01 12:18:18 DEBUG PackageRelationshipCollection:307 -Parsing relationship: /xl/_rels/workbook.xml.rels
2025-06-01 12:18:18 DEBUG PackageRelationshipCollection:307 -Parsing relationship: /xl/worksheets/_rels/sheet1.xml.rels
2025-06-01 12:18:18 DEBUG PackageRelationshipCollection:307 -Parsing relationship: /_rels/.rels
2025-06-01 12:18:18 DEBUG POIXMLFactory:65 -using default POIXMLDocumentPart for http://schemas.openxmlformats.org/officeDocument/2006/relationships/printerSettings
2025-06-01 12:18:18 DEBUG PackageRelationshipCollection:307 -Parsing relationship: /xl/_rels/workbook.xml.rels
2025-06-01 12:18:18 DEBUG PackageRelationshipCollection:307 -Parsing relationship: /xl/worksheets/_rels/sheet1.xml.rels
2025-06-01 12:18:18 DEBUG PackageRelationshipCollection:307 -Parsing relationship: /_rels/.rels
2025-06-01 12:18:18 DEBUG POIXMLFactory:65 -using default POIXMLDocumentPart for http://schemas.openxmlformats.org/officeDocument/2006/relationships/printerSettings
2025-06-01 12:18:18 DEBUG PackageRelationshipCollection:307 -Parsing relationship: /xl/_rels/workbook.xml.rels
2025-06-01 12:18:18 DEBUG PackageRelationshipCollection:307 -Parsing relationship: /xl/worksheets/_rels/sheet1.xml.rels
2025-06-01 12:18:18 DEBUG PackageRelationshipCollection:307 -Parsing relationship: /_rels/.rels
2025-06-01 12:18:18 DEBUG POIXMLFactory:65 -using default POIXMLDocumentPart for http://schemas.openxmlformats.org/officeDocument/2006/relationships/printerSettings
2025-06-01 12:18:18 DEBUG PackageRelationshipCollection:307 -Parsing relationship: /xl/_rels/workbook.xml.rels
2025-06-01 12:18:18 DEBUG PackageRelationshipCollection:307 -Parsing relationship: /xl/worksheets/_rels/sheet1.xml.rels
2025-06-01 12:18:18 DEBUG PackageRelationshipCollection:307 -Parsing relationship: /_rels/.rels
2025-06-01 12:18:18 DEBUG POIXMLFactory:65 -using default POIXMLDocumentPart for http://schemas.openxmlformats.org/officeDocument/2006/relationships/printerSettings
2025-06-01 12:18:18 DEBUG PackageRelationshipCollection:307 -Parsing relationship: /xl/_rels/workbook.xml.rels
2025-06-01 12:18:18 DEBUG PackageRelationshipCollection:307 -Parsing relationship: /xl/worksheets/_rels/sheet1.xml.rels
2025-06-01 12:18:18 DEBUG PackageRelationshipCollection:307 -Parsing relationship: /_rels/.rels
2025-06-01 12:18:18 DEBUG POIXMLFactory:65 -using default POIXMLDocumentPart for http://schemas.openxmlformats.org/officeDocument/2006/relationships/printerSettings
2025-06-01 12:18:18 DEBUG PackageRelationshipCollection:307 -Parsing relationship: /xl/_rels/workbook.xml.rels
2025-06-01 12:18:18 DEBUG PackageRelationshipCollection:307 -Parsing relationship: /xl/worksheets/_rels/sheet1.xml.rels
2025-06-01 12:18:18 DEBUG PackageRelationshipCollection:307 -Parsing relationship: /_rels/.rels
2025-06-01 12:18:18 DEBUG POIXMLFactory:65 -using default POIXMLDocumentPart for http://schemas.openxmlformats.org/officeDocument/2006/relationships/printerSettings
2025-06-01 12:18:18 DEBUG PackageRelationshipCollection:307 -Parsing relationship: /xl/_rels/workbook.xml.rels
2025-06-01 12:18:18 DEBUG PackageRelationshipCollection:307 -Parsing relationship: /xl/worksheets/_rels/sheet1.xml.rels
2025-06-01 12:18:18 DEBUG PackageRelationshipCollection:307 -Parsing relationship: /_rels/.rels
2025-06-01 12:18:18 DEBUG POIXMLFactory:65 -using default POIXMLDocumentPart for http://schemas.openxmlformats.org/officeDocument/2006/relationships/printerSettings
2025-06-01 12:20:40 INFO  TC001_AccountRegistrationTest:14 -***Staring TC001_AccountRegistrationTest***
2025-06-01 12:20:40 INFO  TC001_AccountRegistrationTest:19 -Clicked on My Account link
2025-06-01 12:20:42 INFO  TC001_AccountRegistrationTest:22 -Clicked on Registration Link
2025-06-01 12:20:42 INFO  TC001_AccountRegistrationTest:25 -Providing Customer Details
2025-06-01 12:20:44 INFO  TC001_AccountRegistrationTest:40 -Validating Expected message with Actual message
2025-06-01 12:20:44 INFO  TC001_AccountRegistrationTest:57 -***Completed TC001_AccountRegistrationTest***
2025-06-01 12:20:48 INFO  TC002_AccountLoginTest:16 -***TC002_AccountLoginTest***
2025-06-01 12:20:53 DEBUG PackageRelationshipCollection:307 -Parsing relationship: /xl/_rels/workbook.xml.rels
2025-06-01 12:20:53 DEBUG PackageRelationshipCollection:307 -Parsing relationship: /xl/worksheets/_rels/sheet1.xml.rels
2025-06-01 12:20:53 DEBUG PackageRelationshipCollection:307 -Parsing relationship: /_rels/.rels
2025-06-01 12:20:53 DEBUG POIXMLFactory:65 -using default POIXMLDocumentPart for http://schemas.openxmlformats.org/officeDocument/2006/relationships/printerSettings
2025-06-01 12:20:54 DEBUG PackageRelationshipCollection:307 -Parsing relationship: /xl/_rels/workbook.xml.rels
2025-06-01 12:20:54 DEBUG PackageRelationshipCollection:307 -Parsing relationship: /xl/worksheets/_rels/sheet1.xml.rels
2025-06-01 12:20:54 DEBUG PackageRelationshipCollection:307 -Parsing relationship: /_rels/.rels
2025-06-01 12:20:54 DEBUG POIXMLFactory:65 -using default POIXMLDocumentPart for http://schemas.openxmlformats.org/officeDocument/2006/relationships/printerSettings
2025-06-01 12:20:54 DEBUG PackageRelationshipCollection:307 -Parsing relationship: /xl/_rels/workbook.xml.rels
2025-06-01 12:20:54 DEBUG PackageRelationshipCollection:307 -Parsing relationship: /xl/worksheets/_rels/sheet1.xml.rels
2025-06-01 12:20:54 DEBUG PackageRelationshipCollection:307 -Parsing relationship: /_rels/.rels
2025-06-01 12:20:54 DEBUG POIXMLFactory:65 -using default POIXMLDocumentPart for http://schemas.openxmlformats.org/officeDocument/2006/relationships/printerSettings
2025-06-01 12:20:54 DEBUG PackageRelationshipCollection:307 -Parsing relationship: /xl/_rels/workbook.xml.rels
2025-06-01 12:20:54 DEBUG PackageRelationshipCollection:307 -Parsing relationship: /xl/worksheets/_rels/sheet1.xml.rels
2025-06-01 12:20:54 DEBUG PackageRelationshipCollection:307 -Parsing relationship: /_rels/.rels
2025-06-01 12:20:54 DEBUG POIXMLFactory:65 -using default POIXMLDocumentPart for http://schemas.openxmlformats.org/officeDocument/2006/relationships/printerSettings
2025-06-01 12:20:54 DEBUG PackageRelationshipCollection:307 -Parsing relationship: /xl/_rels/workbook.xml.rels
2025-06-01 12:20:54 DEBUG PackageRelationshipCollection:307 -Parsing relationship: /xl/worksheets/_rels/sheet1.xml.rels
2025-06-01 12:20:54 DEBUG PackageRelationshipCollection:307 -Parsing relationship: /_rels/.rels
2025-06-01 12:20:54 DEBUG POIXMLFactory:65 -using default POIXMLDocumentPart for http://schemas.openxmlformats.org/officeDocument/2006/relationships/printerSettings
2025-06-01 12:20:54 DEBUG PackageRelationshipCollection:307 -Parsing relationship: /xl/_rels/workbook.xml.rels
2025-06-01 12:20:54 DEBUG PackageRelationshipCollection:307 -Parsing relationship: /xl/worksheets/_rels/sheet1.xml.rels
2025-06-01 12:20:54 DEBUG PackageRelationshipCollection:307 -Parsing relationship: /_rels/.rels
2025-06-01 12:20:54 DEBUG POIXMLFactory:65 -using default POIXMLDocumentPart for http://schemas.openxmlformats.org/officeDocument/2006/relationships/printerSettings
2025-06-01 12:20:54 DEBUG PackageRelationshipCollection:307 -Parsing relationship: /xl/_rels/workbook.xml.rels
2025-06-01 12:20:54 DEBUG PackageRelationshipCollection:307 -Parsing relationship: /xl/worksheets/_rels/sheet1.xml.rels
2025-06-01 12:20:54 DEBUG PackageRelationshipCollection:307 -Parsing relationship: /_rels/.rels
2025-06-01 12:20:54 DEBUG POIXMLFactory:65 -using default POIXMLDocumentPart for http://schemas.openxmlformats.org/officeDocument/2006/relationships/printerSettings
2025-06-01 12:20:54 DEBUG PackageRelationshipCollection:307 -Parsing relationship: /xl/_rels/workbook.xml.rels
2025-06-01 12:20:54 DEBUG PackageRelationshipCollection:307 -Parsing relationship: /xl/worksheets/_rels/sheet1.xml.rels
2025-06-01 12:20:54 DEBUG PackageRelationshipCollection:307 -Parsing relationship: /_rels/.rels
2025-06-01 12:20:54 DEBUG POIXMLFactory:65 -using default POIXMLDocumentPart for http://schemas.openxmlformats.org/officeDocument/2006/relationships/printerSettings
2025-06-01 12:20:54 DEBUG PackageRelationshipCollection:307 -Parsing relationship: /xl/_rels/workbook.xml.rels
2025-06-01 12:20:54 DEBUG PackageRelationshipCollection:307 -Parsing relationship: /xl/worksheets/_rels/sheet1.xml.rels
2025-06-01 12:20:54 DEBUG PackageRelationshipCollection:307 -Parsing relationship: /_rels/.rels
2025-06-01 12:20:54 DEBUG POIXMLFactory:65 -using default POIXMLDocumentPart for http://schemas.openxmlformats.org/officeDocument/2006/relationships/printerSettings
2025-06-01 12:20:54 DEBUG PackageRelationshipCollection:307 -Parsing relationship: /xl/_rels/workbook.xml.rels
2025-06-01 12:20:54 DEBUG PackageRelationshipCollection:307 -Parsing relationship: /xl/worksheets/_rels/sheet1.xml.rels
2025-06-01 12:20:54 DEBUG PackageRelationshipCollection:307 -Parsing relationship: /_rels/.rels
2025-06-01 12:20:54 DEBUG POIXMLFactory:65 -using default POIXMLDocumentPart for http://schemas.openxmlformats.org/officeDocument/2006/relationships/printerSettings
2025-06-01 12:20:54 DEBUG PackageRelationshipCollection:307 -Parsing relationship: /xl/_rels/workbook.xml.rels
2025-06-01 12:20:54 DEBUG PackageRelationshipCollection:307 -Parsing relationship: /xl/worksheets/_rels/sheet1.xml.rels
2025-06-01 12:20:54 DEBUG PackageRelationshipCollection:307 -Parsing relationship: /_rels/.rels
2025-06-01 12:20:54 DEBUG POIXMLFactory:65 -using default POIXMLDocumentPart for http://schemas.openxmlformats.org/officeDocument/2006/relationships/printerSettings
2025-06-01 12:20:54 DEBUG PackageRelationshipCollection:307 -Parsing relationship: /xl/_rels/workbook.xml.rels
2025-06-01 12:20:54 DEBUG PackageRelationshipCollection:307 -Parsing relationship: /xl/worksheets/_rels/sheet1.xml.rels
2025-06-01 12:20:54 DEBUG PackageRelationshipCollection:307 -Parsing relationship: /_rels/.rels
2025-06-01 12:20:54 DEBUG POIXMLFactory:65 -using default POIXMLDocumentPart for http://schemas.openxmlformats.org/officeDocument/2006/relationships/printerSettings
2025-06-01 12:20:54 DEBUG PackageRelationshipCollection:307 -Parsing relationship: /xl/_rels/workbook.xml.rels
2025-06-01 12:20:54 DEBUG PackageRelationshipCollection:307 -Parsing relationship: /xl/worksheets/_rels/sheet1.xml.rels
2025-06-01 12:20:54 DEBUG PackageRelationshipCollection:307 -Parsing relationship: /_rels/.rels
2025-06-01 12:20:54 DEBUG POIXMLFactory:65 -using default POIXMLDocumentPart for http://schemas.openxmlformats.org/officeDocument/2006/relationships/printerSettings
2025-06-01 12:20:54 DEBUG PackageRelationshipCollection:307 -Parsing relationship: /xl/_rels/workbook.xml.rels
2025-06-01 12:20:54 DEBUG PackageRelationshipCollection:307 -Parsing relationship: /xl/worksheets/_rels/sheet1.xml.rels
2025-06-01 12:20:54 DEBUG PackageRelationshipCollection:307 -Parsing relationship: /_rels/.rels
2025-06-01 12:20:54 DEBUG POIXMLFactory:65 -using default POIXMLDocumentPart for http://schemas.openxmlformats.org/officeDocument/2006/relationships/printerSettings
2025-06-01 12:20:54 DEBUG PackageRelationshipCollection:307 -Parsing relationship: /xl/_rels/workbook.xml.rels
2025-06-01 12:20:54 DEBUG PackageRelationshipCollection:307 -Parsing relationship: /xl/worksheets/_rels/sheet1.xml.rels
2025-06-01 12:20:54 DEBUG PackageRelationshipCollection:307 -Parsing relationship: /_rels/.rels
2025-06-01 12:20:54 DEBUG POIXMLFactory:65 -using default POIXMLDocumentPart for http://schemas.openxmlformats.org/officeDocument/2006/relationships/printerSettings
2025-06-01 12:20:54 DEBUG PackageRelationshipCollection:307 -Parsing relationship: /xl/_rels/workbook.xml.rels
2025-06-01 12:20:54 DEBUG PackageRelationshipCollection:307 -Parsing relationship: /xl/worksheets/_rels/sheet1.xml.rels
2025-06-01 12:20:54 DEBUG PackageRelationshipCollection:307 -Parsing relationship: /_rels/.rels
2025-06-01 12:20:54 DEBUG POIXMLFactory:65 -using default POIXMLDocumentPart for http://schemas.openxmlformats.org/officeDocument/2006/relationships/printerSettings
2025-06-01 12:20:54 DEBUG PackageRelationshipCollection:307 -Parsing relationship: /xl/_rels/workbook.xml.rels
2025-06-01 12:20:54 DEBUG PackageRelationshipCollection:307 -Parsing relationship: /xl/worksheets/_rels/sheet1.xml.rels
2025-06-01 12:20:54 DEBUG PackageRelationshipCollection:307 -Parsing relationship: /_rels/.rels
2025-06-01 12:20:54 DEBUG POIXMLFactory:65 -using default POIXMLDocumentPart for http://schemas.openxmlformats.org/officeDocument/2006/relationships/printerSettings
2025-06-01 12:20:54 DEBUG PackageRelationshipCollection:307 -Parsing relationship: /xl/_rels/workbook.xml.rels
2025-06-01 12:20:54 DEBUG PackageRelationshipCollection:307 -Parsing relationship: /xl/worksheets/_rels/sheet1.xml.rels
2025-06-01 12:20:54 DEBUG PackageRelationshipCollection:307 -Parsing relationship: /_rels/.rels
2025-06-01 12:20:54 DEBUG POIXMLFactory:65 -using default POIXMLDocumentPart for http://schemas.openxmlformats.org/officeDocument/2006/relationships/printerSettings
2025-06-01 12:20:54 DEBUG PackageRelationshipCollection:307 -Parsing relationship: /xl/_rels/workbook.xml.rels
2025-06-01 12:20:54 DEBUG PackageRelationshipCollection:307 -Parsing relationship: /xl/worksheets/_rels/sheet1.xml.rels
2025-06-01 12:20:54 DEBUG PackageRelationshipCollection:307 -Parsing relationship: /_rels/.rels
2025-06-01 12:20:54 DEBUG POIXMLFactory:65 -using default POIXMLDocumentPart for http://schemas.openxmlformats.org/officeDocument/2006/relationships/printerSettings
2025-06-01 12:20:54 DEBUG PackageRelationshipCollection:307 -Parsing relationship: /xl/_rels/workbook.xml.rels
2025-06-01 12:20:54 DEBUG PackageRelationshipCollection:307 -Parsing relationship: /xl/worksheets/_rels/sheet1.xml.rels
2025-06-01 12:20:54 DEBUG PackageRelationshipCollection:307 -Parsing relationship: /_rels/.rels
2025-06-01 12:20:54 DEBUG POIXMLFactory:65 -using default POIXMLDocumentPart for http://schemas.openxmlformats.org/officeDocument/2006/relationships/printerSettings
2025-06-01 12:28:21 INFO  TC001_AccountRegistrationTest:14 -***Staring TC001_AccountRegistrationTest***
2025-06-01 12:28:22 INFO  TC001_AccountRegistrationTest:19 -Clicked on My Account link
2025-06-01 12:28:23 INFO  TC001_AccountRegistrationTest:22 -Clicked on Registration Link
2025-06-01 12:28:23 INFO  TC001_AccountRegistrationTest:25 -Providing Customer Details
2025-06-01 12:28:25 INFO  TC001_AccountRegistrationTest:40 -Validating Expected message with Actual message
2025-06-01 12:28:25 INFO  TC001_AccountRegistrationTest:57 -***Completed TC001_AccountRegistrationTest***
2025-06-01 12:28:30 INFO  TC002_AccountLoginTest:16 -***TC002_AccountLoginTest***
2025-06-01 12:28:37 DEBUG PackageRelationshipCollection:307 -Parsing relationship: /xl/_rels/workbook.xml.rels
2025-06-01 12:28:37 DEBUG PackageRelationshipCollection:307 -Parsing relationship: /xl/worksheets/_rels/sheet1.xml.rels
2025-06-01 12:28:37 DEBUG PackageRelationshipCollection:307 -Parsing relationship: /_rels/.rels
2025-06-01 12:28:38 DEBUG POIXMLFactory:65 -using default POIXMLDocumentPart for http://schemas.openxmlformats.org/officeDocument/2006/relationships/printerSettings
2025-06-01 12:28:39 DEBUG PackageRelationshipCollection:307 -Parsing relationship: /xl/_rels/workbook.xml.rels
2025-06-01 12:28:39 DEBUG PackageRelationshipCollection:307 -Parsing relationship: /xl/worksheets/_rels/sheet1.xml.rels
2025-06-01 12:28:39 DEBUG PackageRelationshipCollection:307 -Parsing relationship: /_rels/.rels
2025-06-01 12:28:39 DEBUG POIXMLFactory:65 -using default POIXMLDocumentPart for http://schemas.openxmlformats.org/officeDocument/2006/relationships/printerSettings
2025-06-01 12:28:39 DEBUG PackageRelationshipCollection:307 -Parsing relationship: /xl/_rels/workbook.xml.rels
2025-06-01 12:28:39 DEBUG PackageRelationshipCollection:307 -Parsing relationship: /xl/worksheets/_rels/sheet1.xml.rels
2025-06-01 12:28:39 DEBUG PackageRelationshipCollection:307 -Parsing relationship: /_rels/.rels
2025-06-01 12:28:39 DEBUG POIXMLFactory:65 -using default POIXMLDocumentPart for http://schemas.openxmlformats.org/officeDocument/2006/relationships/printerSettings
2025-06-01 12:28:39 DEBUG PackageRelationshipCollection:307 -Parsing relationship: /xl/_rels/workbook.xml.rels
2025-06-01 12:28:39 DEBUG PackageRelationshipCollection:307 -Parsing relationship: /xl/worksheets/_rels/sheet1.xml.rels
2025-06-01 12:28:39 DEBUG PackageRelationshipCollection:307 -Parsing relationship: /_rels/.rels
2025-06-01 12:28:39 DEBUG POIXMLFactory:65 -using default POIXMLDocumentPart for http://schemas.openxmlformats.org/officeDocument/2006/relationships/printerSettings
2025-06-01 12:28:39 DEBUG PackageRelationshipCollection:307 -Parsing relationship: /xl/_rels/workbook.xml.rels
2025-06-01 12:28:39 DEBUG PackageRelationshipCollection:307 -Parsing relationship: /xl/worksheets/_rels/sheet1.xml.rels
2025-06-01 12:28:39 DEBUG PackageRelationshipCollection:307 -Parsing relationship: /_rels/.rels
2025-06-01 12:28:39 DEBUG POIXMLFactory:65 -using default POIXMLDocumentPart for http://schemas.openxmlformats.org/officeDocument/2006/relationships/printerSettings
2025-06-01 12:28:39 DEBUG PackageRelationshipCollection:307 -Parsing relationship: /xl/_rels/workbook.xml.rels
2025-06-01 12:28:39 DEBUG PackageRelationshipCollection:307 -Parsing relationship: /xl/worksheets/_rels/sheet1.xml.rels
2025-06-01 12:28:39 DEBUG PackageRelationshipCollection:307 -Parsing relationship: /_rels/.rels
2025-06-01 12:28:39 DEBUG POIXMLFactory:65 -using default POIXMLDocumentPart for http://schemas.openxmlformats.org/officeDocument/2006/relationships/printerSettings
2025-06-01 12:28:39 DEBUG PackageRelationshipCollection:307 -Parsing relationship: /xl/_rels/workbook.xml.rels
2025-06-01 12:28:39 DEBUG PackageRelationshipCollection:307 -Parsing relationship: /xl/worksheets/_rels/sheet1.xml.rels
2025-06-01 12:28:39 DEBUG PackageRelationshipCollection:307 -Parsing relationship: /_rels/.rels
2025-06-01 12:28:39 DEBUG POIXMLFactory:65 -using default POIXMLDocumentPart for http://schemas.openxmlformats.org/officeDocument/2006/relationships/printerSettings
2025-06-01 12:28:39 DEBUG PackageRelationshipCollection:307 -Parsing relationship: /xl/_rels/workbook.xml.rels
2025-06-01 12:28:39 DEBUG PackageRelationshipCollection:307 -Parsing relationship: /xl/worksheets/_rels/sheet1.xml.rels
2025-06-01 12:28:39 DEBUG PackageRelationshipCollection:307 -Parsing relationship: /_rels/.rels
2025-06-01 12:28:39 DEBUG POIXMLFactory:65 -using default POIXMLDocumentPart for http://schemas.openxmlformats.org/officeDocument/2006/relationships/printerSettings
2025-06-01 12:28:39 DEBUG PackageRelationshipCollection:307 -Parsing relationship: /xl/_rels/workbook.xml.rels
2025-06-01 12:28:39 DEBUG PackageRelationshipCollection:307 -Parsing relationship: /xl/worksheets/_rels/sheet1.xml.rels
2025-06-01 12:28:39 DEBUG PackageRelationshipCollection:307 -Parsing relationship: /_rels/.rels
2025-06-01 12:28:39 DEBUG POIXMLFactory:65 -using default POIXMLDocumentPart for http://schemas.openxmlformats.org/officeDocument/2006/relationships/printerSettings
2025-06-01 12:28:39 DEBUG PackageRelationshipCollection:307 -Parsing relationship: /xl/_rels/workbook.xml.rels
2025-06-01 12:28:39 DEBUG PackageRelationshipCollection:307 -Parsing relationship: /xl/worksheets/_rels/sheet1.xml.rels
2025-06-01 12:28:39 DEBUG PackageRelationshipCollection:307 -Parsing relationship: /_rels/.rels
2025-06-01 12:28:39 DEBUG POIXMLFactory:65 -using default POIXMLDocumentPart for http://schemas.openxmlformats.org/officeDocument/2006/relationships/printerSettings
2025-06-01 12:28:39 DEBUG PackageRelationshipCollection:307 -Parsing relationship: /xl/_rels/workbook.xml.rels
2025-06-01 12:28:39 DEBUG PackageRelationshipCollection:307 -Parsing relationship: /xl/worksheets/_rels/sheet1.xml.rels
2025-06-01 12:28:39 DEBUG PackageRelationshipCollection:307 -Parsing relationship: /_rels/.rels
2025-06-01 12:28:39 DEBUG POIXMLFactory:65 -using default POIXMLDocumentPart for http://schemas.openxmlformats.org/officeDocument/2006/relationships/printerSettings
2025-06-01 12:28:39 DEBUG PackageRelationshipCollection:307 -Parsing relationship: /xl/_rels/workbook.xml.rels
2025-06-01 12:28:39 DEBUG PackageRelationshipCollection:307 -Parsing relationship: /xl/worksheets/_rels/sheet1.xml.rels
2025-06-01 12:28:39 DEBUG PackageRelationshipCollection:307 -Parsing relationship: /_rels/.rels
2025-06-01 12:28:39 DEBUG POIXMLFactory:65 -using default POIXMLDocumentPart for http://schemas.openxmlformats.org/officeDocument/2006/relationships/printerSettings
2025-06-01 12:28:39 DEBUG PackageRelationshipCollection:307 -Parsing relationship: /xl/_rels/workbook.xml.rels
2025-06-01 12:28:39 DEBUG PackageRelationshipCollection:307 -Parsing relationship: /xl/worksheets/_rels/sheet1.xml.rels
2025-06-01 12:28:39 DEBUG PackageRelationshipCollection:307 -Parsing relationship: /_rels/.rels
2025-06-01 12:28:39 DEBUG POIXMLFactory:65 -using default POIXMLDocumentPart for http://schemas.openxmlformats.org/officeDocument/2006/relationships/printerSettings
2025-06-01 12:28:39 DEBUG PackageRelationshipCollection:307 -Parsing relationship: /xl/_rels/workbook.xml.rels
2025-06-01 12:28:39 DEBUG PackageRelationshipCollection:307 -Parsing relationship: /xl/worksheets/_rels/sheet1.xml.rels
2025-06-01 12:28:39 DEBUG PackageRelationshipCollection:307 -Parsing relationship: /_rels/.rels
2025-06-01 12:28:39 DEBUG POIXMLFactory:65 -using default POIXMLDocumentPart for http://schemas.openxmlformats.org/officeDocument/2006/relationships/printerSettings
2025-06-01 12:28:39 DEBUG PackageRelationshipCollection:307 -Parsing relationship: /xl/_rels/workbook.xml.rels
2025-06-01 12:28:39 DEBUG PackageRelationshipCollection:307 -Parsing relationship: /xl/worksheets/_rels/sheet1.xml.rels
2025-06-01 12:28:39 DEBUG PackageRelationshipCollection:307 -Parsing relationship: /_rels/.rels
2025-06-01 12:28:39 DEBUG POIXMLFactory:65 -using default POIXMLDocumentPart for http://schemas.openxmlformats.org/officeDocument/2006/relationships/printerSettings
2025-06-01 12:28:39 DEBUG PackageRelationshipCollection:307 -Parsing relationship: /xl/_rels/workbook.xml.rels
2025-06-01 12:28:39 DEBUG PackageRelationshipCollection:307 -Parsing relationship: /xl/worksheets/_rels/sheet1.xml.rels
2025-06-01 12:28:39 DEBUG PackageRelationshipCollection:307 -Parsing relationship: /_rels/.rels
2025-06-01 12:28:39 DEBUG POIXMLFactory:65 -using default POIXMLDocumentPart for http://schemas.openxmlformats.org/officeDocument/2006/relationships/printerSettings
2025-06-01 12:28:39 DEBUG PackageRelationshipCollection:307 -Parsing relationship: /xl/_rels/workbook.xml.rels
2025-06-01 12:28:39 DEBUG PackageRelationshipCollection:307 -Parsing relationship: /xl/worksheets/_rels/sheet1.xml.rels
2025-06-01 12:28:39 DEBUG PackageRelationshipCollection:307 -Parsing relationship: /_rels/.rels
2025-06-01 12:28:39 DEBUG POIXMLFactory:65 -using default POIXMLDocumentPart for http://schemas.openxmlformats.org/officeDocument/2006/relationships/printerSettings
2025-06-01 12:28:39 DEBUG PackageRelationshipCollection:307 -Parsing relationship: /xl/_rels/workbook.xml.rels
2025-06-01 12:28:39 DEBUG PackageRelationshipCollection:307 -Parsing relationship: /xl/worksheets/_rels/sheet1.xml.rels
2025-06-01 12:28:39 DEBUG PackageRelationshipCollection:307 -Parsing relationship: /_rels/.rels
2025-06-01 12:28:39 DEBUG POIXMLFactory:65 -using default POIXMLDocumentPart for http://schemas.openxmlformats.org/officeDocument/2006/relationships/printerSettings
2025-06-01 12:28:39 DEBUG PackageRelationshipCollection:307 -Parsing relationship: /xl/_rels/workbook.xml.rels
2025-06-01 12:28:39 DEBUG PackageRelationshipCollection:307 -Parsing relationship: /xl/worksheets/_rels/sheet1.xml.rels
2025-06-01 12:28:39 DEBUG PackageRelationshipCollection:307 -Parsing relationship: /_rels/.rels
2025-06-01 12:28:39 DEBUG POIXMLFactory:65 -using default POIXMLDocumentPart for http://schemas.openxmlformats.org/officeDocument/2006/relationships/printerSettings
2025-06-01 12:28:39 DEBUG PackageRelationshipCollection:307 -Parsing relationship: /xl/_rels/workbook.xml.rels
2025-06-01 12:28:39 DEBUG PackageRelationshipCollection:307 -Parsing relationship: /xl/worksheets/_rels/sheet1.xml.rels
2025-06-01 12:28:39 DEBUG PackageRelationshipCollection:307 -Parsing relationship: /_rels/.rels
2025-06-01 12:28:39 DEBUG POIXMLFactory:65 -using default POIXMLDocumentPart for http://schemas.openxmlformats.org/officeDocument/2006/relationships/printerSettings
2025-06-01 12:38:56 INFO  TC001_AccountRegistrationTest:14 -***Staring TC001_AccountRegistrationTest***
2025-06-01 12:38:56 INFO  TC001_AccountRegistrationTest:19 -Clicked on My Account link
2025-06-01 12:38:58 INFO  TC001_AccountRegistrationTest:22 -Clicked on Registration Link
2025-06-01 12:38:58 INFO  TC001_AccountRegistrationTest:25 -Providing Customer Details
2025-06-01 12:38:59 INFO  TC001_AccountRegistrationTest:40 -Validating Expected message with Actual message
2025-06-01 12:38:59 INFO  TC001_AccountRegistrationTest:57 -***Completed TC001_AccountRegistrationTest***
2025-06-01 12:39:04 INFO  TC002_AccountLoginTest:16 -***TC002_AccountLoginTest***
2025-06-01 12:39:09 DEBUG PackageRelationshipCollection:307 -Parsing relationship: /xl/_rels/workbook.xml.rels
2025-06-01 12:39:09 DEBUG PackageRelationshipCollection:307 -Parsing relationship: /xl/worksheets/_rels/sheet1.xml.rels
2025-06-01 12:39:09 DEBUG PackageRelationshipCollection:307 -Parsing relationship: /_rels/.rels
2025-06-01 12:39:10 DEBUG POIXMLFactory:65 -using default POIXMLDocumentPart for http://schemas.openxmlformats.org/officeDocument/2006/relationships/printerSettings
2025-06-01 12:39:10 DEBUG PackageRelationshipCollection:307 -Parsing relationship: /xl/_rels/workbook.xml.rels
2025-06-01 12:39:10 DEBUG PackageRelationshipCollection:307 -Parsing relationship: /xl/worksheets/_rels/sheet1.xml.rels
2025-06-01 12:39:10 DEBUG PackageRelationshipCollection:307 -Parsing relationship: /_rels/.rels
2025-06-01 12:39:10 DEBUG POIXMLFactory:65 -using default POIXMLDocumentPart for http://schemas.openxmlformats.org/officeDocument/2006/relationships/printerSettings
2025-06-01 12:39:10 DEBUG PackageRelationshipCollection:307 -Parsing relationship: /xl/_rels/workbook.xml.rels
2025-06-01 12:39:10 DEBUG PackageRelationshipCollection:307 -Parsing relationship: /xl/worksheets/_rels/sheet1.xml.rels
2025-06-01 12:39:10 DEBUG PackageRelationshipCollection:307 -Parsing relationship: /_rels/.rels
2025-06-01 12:39:10 DEBUG POIXMLFactory:65 -using default POIXMLDocumentPart for http://schemas.openxmlformats.org/officeDocument/2006/relationships/printerSettings
2025-06-01 12:39:10 DEBUG PackageRelationshipCollection:307 -Parsing relationship: /xl/_rels/workbook.xml.rels
2025-06-01 12:39:10 DEBUG PackageRelationshipCollection:307 -Parsing relationship: /xl/worksheets/_rels/sheet1.xml.rels
2025-06-01 12:39:10 DEBUG PackageRelationshipCollection:307 -Parsing relationship: /_rels/.rels
2025-06-01 12:39:10 DEBUG POIXMLFactory:65 -using default POIXMLDocumentPart for http://schemas.openxmlformats.org/officeDocument/2006/relationships/printerSettings
2025-06-01 12:39:10 DEBUG PackageRelationshipCollection:307 -Parsing relationship: /xl/_rels/workbook.xml.rels
2025-06-01 12:39:10 DEBUG PackageRelationshipCollection:307 -Parsing relationship: /xl/worksheets/_rels/sheet1.xml.rels
2025-06-01 12:39:10 DEBUG PackageRelationshipCollection:307 -Parsing relationship: /_rels/.rels
2025-06-01 12:39:10 DEBUG POIXMLFactory:65 -using default POIXMLDocumentPart for http://schemas.openxmlformats.org/officeDocument/2006/relationships/printerSettings
2025-06-01 12:39:10 DEBUG PackageRelationshipCollection:307 -Parsing relationship: /xl/_rels/workbook.xml.rels
2025-06-01 12:39:10 DEBUG PackageRelationshipCollection:307 -Parsing relationship: /xl/worksheets/_rels/sheet1.xml.rels
2025-06-01 12:39:10 DEBUG PackageRelationshipCollection:307 -Parsing relationship: /_rels/.rels
2025-06-01 12:39:10 DEBUG POIXMLFactory:65 -using default POIXMLDocumentPart for http://schemas.openxmlformats.org/officeDocument/2006/relationships/printerSettings
2025-06-01 12:39:10 DEBUG PackageRelationshipCollection:307 -Parsing relationship: /xl/_rels/workbook.xml.rels
2025-06-01 12:39:10 DEBUG PackageRelationshipCollection:307 -Parsing relationship: /xl/worksheets/_rels/sheet1.xml.rels
2025-06-01 12:39:10 DEBUG PackageRelationshipCollection:307 -Parsing relationship: /_rels/.rels
2025-06-01 12:39:11 DEBUG POIXMLFactory:65 -using default POIXMLDocumentPart for http://schemas.openxmlformats.org/officeDocument/2006/relationships/printerSettings
2025-06-01 12:39:11 DEBUG PackageRelationshipCollection:307 -Parsing relationship: /xl/_rels/workbook.xml.rels
2025-06-01 12:39:11 DEBUG PackageRelationshipCollection:307 -Parsing relationship: /xl/worksheets/_rels/sheet1.xml.rels
2025-06-01 12:39:11 DEBUG PackageRelationshipCollection:307 -Parsing relationship: /_rels/.rels
2025-06-01 12:39:11 DEBUG POIXMLFactory:65 -using default POIXMLDocumentPart for http://schemas.openxmlformats.org/officeDocument/2006/relationships/printerSettings
2025-06-01 12:39:11 DEBUG PackageRelationshipCollection:307 -Parsing relationship: /xl/_rels/workbook.xml.rels
2025-06-01 12:39:11 DEBUG PackageRelationshipCollection:307 -Parsing relationship: /xl/worksheets/_rels/sheet1.xml.rels
2025-06-01 12:39:11 DEBUG PackageRelationshipCollection:307 -Parsing relationship: /_rels/.rels
2025-06-01 12:39:11 DEBUG POIXMLFactory:65 -using default POIXMLDocumentPart for http://schemas.openxmlformats.org/officeDocument/2006/relationships/printerSettings
2025-06-01 12:39:11 DEBUG PackageRelationshipCollection:307 -Parsing relationship: /xl/_rels/workbook.xml.rels
2025-06-01 12:39:11 DEBUG PackageRelationshipCollection:307 -Parsing relationship: /xl/worksheets/_rels/sheet1.xml.rels
2025-06-01 12:39:11 DEBUG PackageRelationshipCollection:307 -Parsing relationship: /_rels/.rels
2025-06-01 12:39:11 DEBUG POIXMLFactory:65 -using default POIXMLDocumentPart for http://schemas.openxmlformats.org/officeDocument/2006/relationships/printerSettings
2025-06-01 12:39:11 DEBUG PackageRelationshipCollection:307 -Parsing relationship: /xl/_rels/workbook.xml.rels
2025-06-01 12:39:11 DEBUG PackageRelationshipCollection:307 -Parsing relationship: /xl/worksheets/_rels/sheet1.xml.rels
2025-06-01 12:39:11 DEBUG PackageRelationshipCollection:307 -Parsing relationship: /_rels/.rels
2025-06-01 12:39:11 DEBUG POIXMLFactory:65 -using default POIXMLDocumentPart for http://schemas.openxmlformats.org/officeDocument/2006/relationships/printerSettings
2025-06-01 12:39:11 DEBUG PackageRelationshipCollection:307 -Parsing relationship: /xl/_rels/workbook.xml.rels
2025-06-01 12:39:11 DEBUG PackageRelationshipCollection:307 -Parsing relationship: /xl/worksheets/_rels/sheet1.xml.rels
2025-06-01 12:39:11 DEBUG PackageRelationshipCollection:307 -Parsing relationship: /_rels/.rels
2025-06-01 12:39:11 DEBUG POIXMLFactory:65 -using default POIXMLDocumentPart for http://schemas.openxmlformats.org/officeDocument/2006/relationships/printerSettings
2025-06-01 12:39:11 DEBUG PackageRelationshipCollection:307 -Parsing relationship: /xl/_rels/workbook.xml.rels
2025-06-01 12:39:11 DEBUG PackageRelationshipCollection:307 -Parsing relationship: /xl/worksheets/_rels/sheet1.xml.rels
2025-06-01 12:39:11 DEBUG PackageRelationshipCollection:307 -Parsing relationship: /_rels/.rels
2025-06-01 12:39:11 DEBUG POIXMLFactory:65 -using default POIXMLDocumentPart for http://schemas.openxmlformats.org/officeDocument/2006/relationships/printerSettings
2025-06-01 12:39:11 DEBUG PackageRelationshipCollection:307 -Parsing relationship: /xl/_rels/workbook.xml.rels
2025-06-01 12:39:11 DEBUG PackageRelationshipCollection:307 -Parsing relationship: /xl/worksheets/_rels/sheet1.xml.rels
2025-06-01 12:39:11 DEBUG PackageRelationshipCollection:307 -Parsing relationship: /_rels/.rels
2025-06-01 12:39:11 DEBUG POIXMLFactory:65 -using default POIXMLDocumentPart for http://schemas.openxmlformats.org/officeDocument/2006/relationships/printerSettings
2025-06-01 12:39:11 DEBUG PackageRelationshipCollection:307 -Parsing relationship: /xl/_rels/workbook.xml.rels
2025-06-01 12:39:11 DEBUG PackageRelationshipCollection:307 -Parsing relationship: /xl/worksheets/_rels/sheet1.xml.rels
2025-06-01 12:39:11 DEBUG PackageRelationshipCollection:307 -Parsing relationship: /_rels/.rels
2025-06-01 12:39:11 DEBUG POIXMLFactory:65 -using default POIXMLDocumentPart for http://schemas.openxmlformats.org/officeDocument/2006/relationships/printerSettings
2025-06-01 12:39:11 DEBUG PackageRelationshipCollection:307 -Parsing relationship: /xl/_rels/workbook.xml.rels
2025-06-01 12:39:11 DEBUG PackageRelationshipCollection:307 -Parsing relationship: /xl/worksheets/_rels/sheet1.xml.rels
2025-06-01 12:39:11 DEBUG PackageRelationshipCollection:307 -Parsing relationship: /_rels/.rels
2025-06-01 12:39:11 DEBUG POIXMLFactory:65 -using default POIXMLDocumentPart for http://schemas.openxmlformats.org/officeDocument/2006/relationships/printerSettings
2025-06-01 12:39:11 DEBUG PackageRelationshipCollection:307 -Parsing relationship: /xl/_rels/workbook.xml.rels
2025-06-01 12:39:11 DEBUG PackageRelationshipCollection:307 -Parsing relationship: /xl/worksheets/_rels/sheet1.xml.rels
2025-06-01 12:39:11 DEBUG PackageRelationshipCollection:307 -Parsing relationship: /_rels/.rels
2025-06-01 12:39:11 DEBUG POIXMLFactory:65 -using default POIXMLDocumentPart for http://schemas.openxmlformats.org/officeDocument/2006/relationships/printerSettings
2025-06-01 12:39:11 DEBUG PackageRelationshipCollection:307 -Parsing relationship: /xl/_rels/workbook.xml.rels
2025-06-01 12:39:11 DEBUG PackageRelationshipCollection:307 -Parsing relationship: /xl/worksheets/_rels/sheet1.xml.rels
2025-06-01 12:39:11 DEBUG PackageRelationshipCollection:307 -Parsing relationship: /_rels/.rels
2025-06-01 12:39:11 DEBUG POIXMLFactory:65 -using default POIXMLDocumentPart for http://schemas.openxmlformats.org/officeDocument/2006/relationships/printerSettings
2025-06-01 12:39:11 DEBUG PackageRelationshipCollection:307 -Parsing relationship: /xl/_rels/workbook.xml.rels
2025-06-01 12:39:11 DEBUG PackageRelationshipCollection:307 -Parsing relationship: /xl/worksheets/_rels/sheet1.xml.rels
2025-06-01 12:39:11 DEBUG PackageRelationshipCollection:307 -Parsing relationship: /_rels/.rels
2025-06-01 12:39:11 DEBUG POIXMLFactory:65 -using default POIXMLDocumentPart for http://schemas.openxmlformats.org/officeDocument/2006/relationships/printerSettings
2025-06-01 12:39:11 DEBUG PackageRelationshipCollection:307 -Parsing relationship: /xl/_rels/workbook.xml.rels
2025-06-01 12:39:11 DEBUG PackageRelationshipCollection:307 -Parsing relationship: /xl/worksheets/_rels/sheet1.xml.rels
2025-06-01 12:39:11 DEBUG PackageRelationshipCollection:307 -Parsing relationship: /_rels/.rels
2025-06-01 12:39:11 DEBUG POIXMLFactory:65 -using default POIXMLDocumentPart for http://schemas.openxmlformats.org/officeDocument/2006/relationships/printerSettings
2025-06-01 18:16:34 INFO  TC001_AccountRegistrationTest:14 -***Staring TC001_AccountRegistrationTest***
2025-06-01 18:16:35 INFO  TC001_AccountRegistrationTest:19 -Clicked on My Account link
2025-06-01 18:16:37 INFO  TC001_AccountRegistrationTest:22 -Clicked on Registration Link
2025-06-01 18:16:37 INFO  TC001_AccountRegistrationTest:25 -Providing Customer Details
2025-06-01 18:16:39 INFO  TC001_AccountRegistrationTest:40 -Validating Expected message with Actual message
2025-06-01 18:16:39 INFO  TC001_AccountRegistrationTest:57 -***Completed TC001_AccountRegistrationTest***
2025-06-01 18:16:43 INFO  TC002_AccountLoginTest:16 -***TC002_AccountLoginTest***
2025-06-01 18:16:49 DEBUG PackageRelationshipCollection:307 -Parsing relationship: /xl/_rels/workbook.xml.rels
2025-06-01 18:16:49 DEBUG PackageRelationshipCollection:307 -Parsing relationship: /xl/worksheets/_rels/sheet1.xml.rels
2025-06-01 18:16:49 DEBUG PackageRelationshipCollection:307 -Parsing relationship: /_rels/.rels
2025-06-01 18:16:51 DEBUG POIXMLFactory:65 -using default POIXMLDocumentPart for http://schemas.openxmlformats.org/officeDocument/2006/relationships/printerSettings
2025-06-01 18:16:51 DEBUG PackageRelationshipCollection:307 -Parsing relationship: /xl/_rels/workbook.xml.rels
2025-06-01 18:16:51 DEBUG PackageRelationshipCollection:307 -Parsing relationship: /xl/worksheets/_rels/sheet1.xml.rels
2025-06-01 18:16:51 DEBUG PackageRelationshipCollection:307 -Parsing relationship: /_rels/.rels
2025-06-01 18:16:51 DEBUG POIXMLFactory:65 -using default POIXMLDocumentPart for http://schemas.openxmlformats.org/officeDocument/2006/relationships/printerSettings
2025-06-01 18:16:51 DEBUG PackageRelationshipCollection:307 -Parsing relationship: /xl/_rels/workbook.xml.rels
2025-06-01 18:16:51 DEBUG PackageRelationshipCollection:307 -Parsing relationship: /xl/worksheets/_rels/sheet1.xml.rels
2025-06-01 18:16:51 DEBUG PackageRelationshipCollection:307 -Parsing relationship: /_rels/.rels
2025-06-01 18:16:51 DEBUG POIXMLFactory:65 -using default POIXMLDocumentPart for http://schemas.openxmlformats.org/officeDocument/2006/relationships/printerSettings
2025-06-01 18:16:51 DEBUG PackageRelationshipCollection:307 -Parsing relationship: /xl/_rels/workbook.xml.rels
2025-06-01 18:16:51 DEBUG PackageRelationshipCollection:307 -Parsing relationship: /xl/worksheets/_rels/sheet1.xml.rels
2025-06-01 18:16:51 DEBUG PackageRelationshipCollection:307 -Parsing relationship: /_rels/.rels
2025-06-01 18:16:51 DEBUG POIXMLFactory:65 -using default POIXMLDocumentPart for http://schemas.openxmlformats.org/officeDocument/2006/relationships/printerSettings
2025-06-01 18:16:51 DEBUG PackageRelationshipCollection:307 -Parsing relationship: /xl/_rels/workbook.xml.rels
2025-06-01 18:16:51 DEBUG PackageRelationshipCollection:307 -Parsing relationship: /xl/worksheets/_rels/sheet1.xml.rels
2025-06-01 18:16:51 DEBUG PackageRelationshipCollection:307 -Parsing relationship: /_rels/.rels
2025-06-01 18:16:51 DEBUG POIXMLFactory:65 -using default POIXMLDocumentPart for http://schemas.openxmlformats.org/officeDocument/2006/relationships/printerSettings
2025-06-01 18:16:51 DEBUG PackageRelationshipCollection:307 -Parsing relationship: /xl/_rels/workbook.xml.rels
2025-06-01 18:16:51 DEBUG PackageRelationshipCollection:307 -Parsing relationship: /xl/worksheets/_rels/sheet1.xml.rels
2025-06-01 18:16:51 DEBUG PackageRelationshipCollection:307 -Parsing relationship: /_rels/.rels
2025-06-01 18:16:51 DEBUG POIXMLFactory:65 -using default POIXMLDocumentPart for http://schemas.openxmlformats.org/officeDocument/2006/relationships/printerSettings
2025-06-01 18:16:51 DEBUG PackageRelationshipCollection:307 -Parsing relationship: /xl/_rels/workbook.xml.rels
2025-06-01 18:16:51 DEBUG PackageRelationshipCollection:307 -Parsing relationship: /xl/worksheets/_rels/sheet1.xml.rels
2025-06-01 18:16:51 DEBUG PackageRelationshipCollection:307 -Parsing relationship: /_rels/.rels
2025-06-01 18:16:51 DEBUG POIXMLFactory:65 -using default POIXMLDocumentPart for http://schemas.openxmlformats.org/officeDocument/2006/relationships/printerSettings
2025-06-01 18:16:51 DEBUG PackageRelationshipCollection:307 -Parsing relationship: /xl/_rels/workbook.xml.rels
2025-06-01 18:16:51 DEBUG PackageRelationshipCollection:307 -Parsing relationship: /xl/worksheets/_rels/sheet1.xml.rels
2025-06-01 18:16:51 DEBUG PackageRelationshipCollection:307 -Parsing relationship: /_rels/.rels
2025-06-01 18:16:51 DEBUG POIXMLFactory:65 -using default POIXMLDocumentPart for http://schemas.openxmlformats.org/officeDocument/2006/relationships/printerSettings
2025-06-01 18:16:51 DEBUG PackageRelationshipCollection:307 -Parsing relationship: /xl/_rels/workbook.xml.rels
2025-06-01 18:16:51 DEBUG PackageRelationshipCollection:307 -Parsing relationship: /xl/worksheets/_rels/sheet1.xml.rels
2025-06-01 18:16:51 DEBUG PackageRelationshipCollection:307 -Parsing relationship: /_rels/.rels
2025-06-01 18:16:51 DEBUG POIXMLFactory:65 -using default POIXMLDocumentPart for http://schemas.openxmlformats.org/officeDocument/2006/relationships/printerSettings
2025-06-01 18:16:51 DEBUG PackageRelationshipCollection:307 -Parsing relationship: /xl/_rels/workbook.xml.rels
2025-06-01 18:16:51 DEBUG PackageRelationshipCollection:307 -Parsing relationship: /xl/worksheets/_rels/sheet1.xml.rels
2025-06-01 18:16:51 DEBUG PackageRelationshipCollection:307 -Parsing relationship: /_rels/.rels
2025-06-01 18:16:51 DEBUG POIXMLFactory:65 -using default POIXMLDocumentPart for http://schemas.openxmlformats.org/officeDocument/2006/relationships/printerSettings
2025-06-01 18:16:51 DEBUG PackageRelationshipCollection:307 -Parsing relationship: /xl/_rels/workbook.xml.rels
2025-06-01 18:16:51 DEBUG PackageRelationshipCollection:307 -Parsing relationship: /xl/worksheets/_rels/sheet1.xml.rels
2025-06-01 18:16:51 DEBUG PackageRelationshipCollection:307 -Parsing relationship: /_rels/.rels
2025-06-01 18:16:52 DEBUG POIXMLFactory:65 -using default POIXMLDocumentPart for http://schemas.openxmlformats.org/officeDocument/2006/relationships/printerSettings
2025-06-01 18:16:52 DEBUG PackageRelationshipCollection:307 -Parsing relationship: /xl/_rels/workbook.xml.rels
2025-06-01 18:16:52 DEBUG PackageRelationshipCollection:307 -Parsing relationship: /xl/worksheets/_rels/sheet1.xml.rels
2025-06-01 18:16:52 DEBUG PackageRelationshipCollection:307 -Parsing relationship: /_rels/.rels
2025-06-01 18:16:52 DEBUG POIXMLFactory:65 -using default POIXMLDocumentPart for http://schemas.openxmlformats.org/officeDocument/2006/relationships/printerSettings
2025-06-01 18:16:52 DEBUG PackageRelationshipCollection:307 -Parsing relationship: /xl/_rels/workbook.xml.rels
2025-06-01 18:16:52 DEBUG PackageRelationshipCollection:307 -Parsing relationship: /xl/worksheets/_rels/sheet1.xml.rels
2025-06-01 18:16:52 DEBUG PackageRelationshipCollection:307 -Parsing relationship: /_rels/.rels
2025-06-01 18:16:52 DEBUG POIXMLFactory:65 -using default POIXMLDocumentPart for http://schemas.openxmlformats.org/officeDocument/2006/relationships/printerSettings
2025-06-01 18:16:52 DEBUG PackageRelationshipCollection:307 -Parsing relationship: /xl/_rels/workbook.xml.rels
2025-06-01 18:16:52 DEBUG PackageRelationshipCollection:307 -Parsing relationship: /xl/worksheets/_rels/sheet1.xml.rels
2025-06-01 18:16:52 DEBUG PackageRelationshipCollection:307 -Parsing relationship: /_rels/.rels
2025-06-01 18:16:52 DEBUG POIXMLFactory:65 -using default POIXMLDocumentPart for http://schemas.openxmlformats.org/officeDocument/2006/relationships/printerSettings
2025-06-01 18:16:52 DEBUG PackageRelationshipCollection:307 -Parsing relationship: /xl/_rels/workbook.xml.rels
2025-06-01 18:16:52 DEBUG PackageRelationshipCollection:307 -Parsing relationship: /xl/worksheets/_rels/sheet1.xml.rels
2025-06-01 18:16:52 DEBUG PackageRelationshipCollection:307 -Parsing relationship: /_rels/.rels
2025-06-01 18:16:52 DEBUG POIXMLFactory:65 -using default POIXMLDocumentPart for http://schemas.openxmlformats.org/officeDocument/2006/relationships/printerSettings
2025-06-01 18:16:52 DEBUG PackageRelationshipCollection:307 -Parsing relationship: /xl/_rels/workbook.xml.rels
2025-06-01 18:16:52 DEBUG PackageRelationshipCollection:307 -Parsing relationship: /xl/worksheets/_rels/sheet1.xml.rels
2025-06-01 18:16:52 DEBUG PackageRelationshipCollection:307 -Parsing relationship: /_rels/.rels
2025-06-01 18:16:52 DEBUG POIXMLFactory:65 -using default POIXMLDocumentPart for http://schemas.openxmlformats.org/officeDocument/2006/relationships/printerSettings
2025-06-01 18:16:52 DEBUG PackageRelationshipCollection:307 -Parsing relationship: /xl/_rels/workbook.xml.rels
2025-06-01 18:16:52 DEBUG PackageRelationshipCollection:307 -Parsing relationship: /xl/worksheets/_rels/sheet1.xml.rels
2025-06-01 18:16:52 DEBUG PackageRelationshipCollection:307 -Parsing relationship: /_rels/.rels
2025-06-01 18:16:52 DEBUG POIXMLFactory:65 -using default POIXMLDocumentPart for http://schemas.openxmlformats.org/officeDocument/2006/relationships/printerSettings
2025-06-01 18:16:52 DEBUG PackageRelationshipCollection:307 -Parsing relationship: /xl/_rels/workbook.xml.rels
2025-06-01 18:16:52 DEBUG PackageRelationshipCollection:307 -Parsing relationship: /xl/worksheets/_rels/sheet1.xml.rels
2025-06-01 18:16:52 DEBUG PackageRelationshipCollection:307 -Parsing relationship: /_rels/.rels
2025-06-01 18:16:52 DEBUG POIXMLFactory:65 -using default POIXMLDocumentPart for http://schemas.openxmlformats.org/officeDocument/2006/relationships/printerSettings
2025-06-01 18:16:52 DEBUG PackageRelationshipCollection:307 -Parsing relationship: /xl/_rels/workbook.xml.rels
2025-06-01 18:16:52 DEBUG PackageRelationshipCollection:307 -Parsing relationship: /xl/worksheets/_rels/sheet1.xml.rels
2025-06-01 18:16:52 DEBUG PackageRelationshipCollection:307 -Parsing relationship: /_rels/.rels
2025-06-01 18:16:52 DEBUG POIXMLFactory:65 -using default POIXMLDocumentPart for http://schemas.openxmlformats.org/officeDocument/2006/relationships/printerSettings
2025-06-01 18:16:52 DEBUG PackageRelationshipCollection:307 -Parsing relationship: /xl/_rels/workbook.xml.rels
2025-06-01 18:16:52 DEBUG PackageRelationshipCollection:307 -Parsing relationship: /xl/worksheets/_rels/sheet1.xml.rels
2025-06-01 18:16:52 DEBUG PackageRelationshipCollection:307 -Parsing relationship: /_rels/.rels
2025-06-01 18:16:52 DEBUG POIXMLFactory:65 -using default POIXMLDocumentPart for http://schemas.openxmlformats.org/officeDocument/2006/relationships/printerSettings
2025-06-01 18:19:43 INFO  TC001_AccountRegistrationTest:14 -***Staring TC001_AccountRegistrationTest***
2025-06-01 18:19:44 INFO  TC001_AccountRegistrationTest:19 -Clicked on My Account link
2025-06-01 18:19:44 INFO  TC001_AccountRegistrationTest:22 -Clicked on Registration Link
2025-06-01 18:19:44 INFO  TC001_AccountRegistrationTest:25 -Providing Customer Details
2025-06-01 18:19:46 INFO  TC001_AccountRegistrationTest:40 -Validating Expected message with Actual message
2025-06-01 18:19:46 INFO  TC001_AccountRegistrationTest:57 -***Completed TC001_AccountRegistrationTest***
2025-06-01 18:19:51 INFO  TC002_AccountLoginTest:16 -***TC002_AccountLoginTest***
2025-06-01 18:19:57 DEBUG PackageRelationshipCollection:307 -Parsing relationship: /xl/_rels/workbook.xml.rels
2025-06-01 18:19:57 DEBUG PackageRelationshipCollection:307 -Parsing relationship: /xl/worksheets/_rels/sheet1.xml.rels
2025-06-01 18:19:57 DEBUG PackageRelationshipCollection:307 -Parsing relationship: /_rels/.rels
2025-06-01 18:19:59 DEBUG POIXMLFactory:65 -using default POIXMLDocumentPart for http://schemas.openxmlformats.org/officeDocument/2006/relationships/printerSettings
2025-06-01 18:19:59 DEBUG PackageRelationshipCollection:307 -Parsing relationship: /xl/_rels/workbook.xml.rels
2025-06-01 18:19:59 DEBUG PackageRelationshipCollection:307 -Parsing relationship: /xl/worksheets/_rels/sheet1.xml.rels
2025-06-01 18:19:59 DEBUG PackageRelationshipCollection:307 -Parsing relationship: /_rels/.rels
2025-06-01 18:19:59 DEBUG POIXMLFactory:65 -using default POIXMLDocumentPart for http://schemas.openxmlformats.org/officeDocument/2006/relationships/printerSettings
2025-06-01 18:19:59 DEBUG PackageRelationshipCollection:307 -Parsing relationship: /xl/_rels/workbook.xml.rels
2025-06-01 18:19:59 DEBUG PackageRelationshipCollection:307 -Parsing relationship: /xl/worksheets/_rels/sheet1.xml.rels
2025-06-01 18:19:59 DEBUG PackageRelationshipCollection:307 -Parsing relationship: /_rels/.rels
2025-06-01 18:19:59 DEBUG POIXMLFactory:65 -using default POIXMLDocumentPart for http://schemas.openxmlformats.org/officeDocument/2006/relationships/printerSettings
2025-06-01 18:19:59 DEBUG PackageRelationshipCollection:307 -Parsing relationship: /xl/_rels/workbook.xml.rels
2025-06-01 18:19:59 DEBUG PackageRelationshipCollection:307 -Parsing relationship: /xl/worksheets/_rels/sheet1.xml.rels
2025-06-01 18:19:59 DEBUG PackageRelationshipCollection:307 -Parsing relationship: /_rels/.rels
2025-06-01 18:19:59 DEBUG POIXMLFactory:65 -using default POIXMLDocumentPart for http://schemas.openxmlformats.org/officeDocument/2006/relationships/printerSettings
2025-06-01 18:19:59 DEBUG PackageRelationshipCollection:307 -Parsing relationship: /xl/_rels/workbook.xml.rels
2025-06-01 18:19:59 DEBUG PackageRelationshipCollection:307 -Parsing relationship: /xl/worksheets/_rels/sheet1.xml.rels
2025-06-01 18:19:59 DEBUG PackageRelationshipCollection:307 -Parsing relationship: /_rels/.rels
2025-06-01 18:19:59 DEBUG POIXMLFactory:65 -using default POIXMLDocumentPart for http://schemas.openxmlformats.org/officeDocument/2006/relationships/printerSettings
2025-06-01 18:19:59 DEBUG PackageRelationshipCollection:307 -Parsing relationship: /xl/_rels/workbook.xml.rels
2025-06-01 18:19:59 DEBUG PackageRelationshipCollection:307 -Parsing relationship: /xl/worksheets/_rels/sheet1.xml.rels
2025-06-01 18:19:59 DEBUG PackageRelationshipCollection:307 -Parsing relationship: /_rels/.rels
2025-06-01 18:19:59 DEBUG POIXMLFactory:65 -using default POIXMLDocumentPart for http://schemas.openxmlformats.org/officeDocument/2006/relationships/printerSettings
2025-06-01 18:19:59 DEBUG PackageRelationshipCollection:307 -Parsing relationship: /xl/_rels/workbook.xml.rels
2025-06-01 18:19:59 DEBUG PackageRelationshipCollection:307 -Parsing relationship: /xl/worksheets/_rels/sheet1.xml.rels
2025-06-01 18:19:59 DEBUG PackageRelationshipCollection:307 -Parsing relationship: /_rels/.rels
2025-06-01 18:19:59 DEBUG POIXMLFactory:65 -using default POIXMLDocumentPart for http://schemas.openxmlformats.org/officeDocument/2006/relationships/printerSettings
2025-06-01 18:19:59 DEBUG PackageRelationshipCollection:307 -Parsing relationship: /xl/_rels/workbook.xml.rels
2025-06-01 18:19:59 DEBUG PackageRelationshipCollection:307 -Parsing relationship: /xl/worksheets/_rels/sheet1.xml.rels
2025-06-01 18:19:59 DEBUG PackageRelationshipCollection:307 -Parsing relationship: /_rels/.rels
2025-06-01 18:19:59 DEBUG POIXMLFactory:65 -using default POIXMLDocumentPart for http://schemas.openxmlformats.org/officeDocument/2006/relationships/printerSettings
2025-06-01 18:19:59 DEBUG PackageRelationshipCollection:307 -Parsing relationship: /xl/_rels/workbook.xml.rels
2025-06-01 18:19:59 DEBUG PackageRelationshipCollection:307 -Parsing relationship: /xl/worksheets/_rels/sheet1.xml.rels
2025-06-01 18:19:59 DEBUG PackageRelationshipCollection:307 -Parsing relationship: /_rels/.rels
2025-06-01 18:20:00 DEBUG POIXMLFactory:65 -using default POIXMLDocumentPart for http://schemas.openxmlformats.org/officeDocument/2006/relationships/printerSettings
2025-06-01 18:20:00 DEBUG PackageRelationshipCollection:307 -Parsing relationship: /xl/_rels/workbook.xml.rels
2025-06-01 18:20:00 DEBUG PackageRelationshipCollection:307 -Parsing relationship: /xl/worksheets/_rels/sheet1.xml.rels
2025-06-01 18:20:00 DEBUG PackageRelationshipCollection:307 -Parsing relationship: /_rels/.rels
2025-06-01 18:20:00 DEBUG POIXMLFactory:65 -using default POIXMLDocumentPart for http://schemas.openxmlformats.org/officeDocument/2006/relationships/printerSettings
2025-06-01 18:20:00 DEBUG PackageRelationshipCollection:307 -Parsing relationship: /xl/_rels/workbook.xml.rels
2025-06-01 18:20:00 DEBUG PackageRelationshipCollection:307 -Parsing relationship: /xl/worksheets/_rels/sheet1.xml.rels
2025-06-01 18:20:00 DEBUG PackageRelationshipCollection:307 -Parsing relationship: /_rels/.rels
2025-06-01 18:20:00 DEBUG POIXMLFactory:65 -using default POIXMLDocumentPart for http://schemas.openxmlformats.org/officeDocument/2006/relationships/printerSettings
2025-06-01 18:20:00 DEBUG PackageRelationshipCollection:307 -Parsing relationship: /xl/_rels/workbook.xml.rels
2025-06-01 18:20:00 DEBUG PackageRelationshipCollection:307 -Parsing relationship: /xl/worksheets/_rels/sheet1.xml.rels
2025-06-01 18:20:00 DEBUG PackageRelationshipCollection:307 -Parsing relationship: /_rels/.rels
2025-06-01 18:20:00 DEBUG POIXMLFactory:65 -using default POIXMLDocumentPart for http://schemas.openxmlformats.org/officeDocument/2006/relationships/printerSettings
2025-06-01 18:20:00 DEBUG PackageRelationshipCollection:307 -Parsing relationship: /xl/_rels/workbook.xml.rels
2025-06-01 18:20:00 DEBUG PackageRelationshipCollection:307 -Parsing relationship: /xl/worksheets/_rels/sheet1.xml.rels
2025-06-01 18:20:00 DEBUG PackageRelationshipCollection:307 -Parsing relationship: /_rels/.rels
2025-06-01 18:20:00 DEBUG POIXMLFactory:65 -using default POIXMLDocumentPart for http://schemas.openxmlformats.org/officeDocument/2006/relationships/printerSettings
2025-06-01 18:20:00 DEBUG PackageRelationshipCollection:307 -Parsing relationship: /xl/_rels/workbook.xml.rels
2025-06-01 18:20:00 DEBUG PackageRelationshipCollection:307 -Parsing relationship: /xl/worksheets/_rels/sheet1.xml.rels
2025-06-01 18:20:00 DEBUG PackageRelationshipCollection:307 -Parsing relationship: /_rels/.rels
2025-06-01 18:20:00 DEBUG POIXMLFactory:65 -using default POIXMLDocumentPart for http://schemas.openxmlformats.org/officeDocument/2006/relationships/printerSettings
2025-06-01 18:20:00 DEBUG PackageRelationshipCollection:307 -Parsing relationship: /xl/_rels/workbook.xml.rels
2025-06-01 18:20:00 DEBUG PackageRelationshipCollection:307 -Parsing relationship: /xl/worksheets/_rels/sheet1.xml.rels
2025-06-01 18:20:00 DEBUG PackageRelationshipCollection:307 -Parsing relationship: /_rels/.rels
2025-06-01 18:20:00 DEBUG POIXMLFactory:65 -using default POIXMLDocumentPart for http://schemas.openxmlformats.org/officeDocument/2006/relationships/printerSettings
2025-06-01 18:20:00 DEBUG PackageRelationshipCollection:307 -Parsing relationship: /xl/_rels/workbook.xml.rels
2025-06-01 18:20:00 DEBUG PackageRelationshipCollection:307 -Parsing relationship: /xl/worksheets/_rels/sheet1.xml.rels
2025-06-01 18:20:00 DEBUG PackageRelationshipCollection:307 -Parsing relationship: /_rels/.rels
2025-06-01 18:20:00 DEBUG POIXMLFactory:65 -using default POIXMLDocumentPart for http://schemas.openxmlformats.org/officeDocument/2006/relationships/printerSettings
2025-06-01 18:20:00 DEBUG PackageRelationshipCollection:307 -Parsing relationship: /xl/_rels/workbook.xml.rels
2025-06-01 18:20:00 DEBUG PackageRelationshipCollection:307 -Parsing relationship: /xl/worksheets/_rels/sheet1.xml.rels
2025-06-01 18:20:00 DEBUG PackageRelationshipCollection:307 -Parsing relationship: /_rels/.rels
2025-06-01 18:20:00 DEBUG POIXMLFactory:65 -using default POIXMLDocumentPart for http://schemas.openxmlformats.org/officeDocument/2006/relationships/printerSettings
2025-06-01 18:20:00 DEBUG PackageRelationshipCollection:307 -Parsing relationship: /xl/_rels/workbook.xml.rels
2025-06-01 18:20:00 DEBUG PackageRelationshipCollection:307 -Parsing relationship: /xl/worksheets/_rels/sheet1.xml.rels
2025-06-01 18:20:00 DEBUG PackageRelationshipCollection:307 -Parsing relationship: /_rels/.rels
2025-06-01 18:20:00 DEBUG POIXMLFactory:65 -using default POIXMLDocumentPart for http://schemas.openxmlformats.org/officeDocument/2006/relationships/printerSettings
2025-06-01 18:20:01 DEBUG PackageRelationshipCollection:307 -Parsing relationship: /xl/_rels/workbook.xml.rels
2025-06-01 18:20:01 DEBUG PackageRelationshipCollection:307 -Parsing relationship: /xl/worksheets/_rels/sheet1.xml.rels
2025-06-01 18:20:01 DEBUG PackageRelationshipCollection:307 -Parsing relationship: /_rels/.rels
2025-06-01 18:20:01 DEBUG POIXMLFactory:65 -using default POIXMLDocumentPart for http://schemas.openxmlformats.org/officeDocument/2006/relationships/printerSettings
2025-06-01 18:20:01 DEBUG PackageRelationshipCollection:307 -Parsing relationship: /xl/_rels/workbook.xml.rels
2025-06-01 18:20:01 DEBUG PackageRelationshipCollection:307 -Parsing relationship: /xl/worksheets/_rels/sheet1.xml.rels
2025-06-01 18:20:01 DEBUG PackageRelationshipCollection:307 -Parsing relationship: /_rels/.rels
2025-06-01 18:20:01 DEBUG POIXMLFactory:65 -using default POIXMLDocumentPart for http://schemas.openxmlformats.org/officeDocument/2006/relationships/printerSettings
